<?xml version="1.0" encoding="UTF-8"?>
<!-- Generated by org.testng.reporters.JUnitReportReporter -->
<testsuite hostname="DESKTOP-I8D9V6P" failures="0" tests="1" name="runner.Runner" time="0.349" errors="0" timestamp="2021-12-21T16:29:22 IST" skipped="0">
  <testcase classname="runner.Runner" name="runScenario" time="0.349"/>
  <system-out/>
</testsuite> <!-- runner.Runner -->
