<?xml version="1.0" encoding="UTF-8"?>
<!-- Generated by org.testng.reporters.JUnitReportReporter -->
<testsuite hostname="DESKTOP-I8D9V6P" failures="0" tests="1" name="runner.Runner" time="53.985" errors="0" timestamp="2021-12-22T12:04:37 IST" skipped="0">
  <testcase classname="runner.Runner" name="runScenario" time="53.985"/>
  <system-out/>
</testsuite> <!-- runner.Runner -->
